0 info it worked if it ends with ok
1 verbose cli [ '/usr/bin/node', '/usr/bin/npm', 'run', 'example2' ]
2 info using npm@3.5.2
3 info using node@v8.10.0
4 verbose run-script [ 'preexample2', 'example2', 'postexample2' ]
5 info lifecycle ssp@0.1.5~preexample2: ssp@0.1.5
6 silly lifecycle ssp@0.1.5~preexample2: no script for preexample2, continuing
7 info lifecycle ssp@0.1.5~example2: ssp@0.1.5
8 verbose lifecycle ssp@0.1.5~example2: unsafe-perm in lifecycle true
9 verbose lifecycle ssp@0.1.5~example2: PATH: /usr/share/npm/bin/node-gyp-bin:/home/sale/WebstormProjects/node-ssp/node_modules/.bin:/usr/local/sbin:/usr/local/bin:/usr/sbin:/usr/bin:/sbin:/bin:/snap/bin
10 verbose lifecycle ssp@0.1.5~example2: CWD: /home/sale/WebstormProjects/node-ssp
11 silly lifecycle ssp@0.1.5~example2: Args: [ '-c', 'babel-node --presets es2015 ./examples/ssp.js' ]
12 silly lifecycle ssp@0.1.5~example2: Returned: code: 1  signal: null
13 info lifecycle ssp@0.1.5~example2: Failed to exec example2 script
14 verbose stack Error: ssp@0.1.5 example2: `babel-node --presets es2015 ./examples/ssp.js`
14 verbose stack Exit status 1
14 verbose stack     at EventEmitter.<anonymous> (/usr/share/npm/lib/utils/lifecycle.js:232:16)
14 verbose stack     at emitTwo (events.js:126:13)
14 verbose stack     at EventEmitter.emit (events.js:214:7)
14 verbose stack     at ChildProcess.<anonymous> (/usr/share/npm/lib/utils/spawn.js:24:14)
14 verbose stack     at emitTwo (events.js:126:13)
14 verbose stack     at ChildProcess.emit (events.js:214:7)
14 verbose stack     at maybeClose (internal/child_process.js:925:16)
14 verbose stack     at Process.ChildProcess._handle.onexit (internal/child_process.js:209:5)
15 verbose pkgid ssp@0.1.5
16 verbose cwd /home/sale/WebstormProjects/node-ssp
17 error Linux 4.15.0-62-generic
18 error argv "/usr/bin/node" "/usr/bin/npm" "run" "example2"
19 error node v8.10.0
20 error npm  v3.5.2
21 error code ELIFECYCLE
22 error ssp@0.1.5 example2: `babel-node --presets es2015 ./examples/ssp.js`
22 error Exit status 1
23 error Failed at the ssp@0.1.5 example2 script 'babel-node --presets es2015 ./examples/ssp.js'.
23 error Make sure you have the latest version of node.js and npm installed.
23 error If you do, this is most likely a problem with the ssp package,
23 error not with npm itself.
23 error Tell the author that this fails on your system:
23 error     babel-node --presets es2015 ./examples/ssp.js
23 error You can get information on how to open an issue for this project with:
23 error     npm bugs ssp
23 error Or if that isn't available, you can get their info via:
23 error     npm owner ls ssp
23 error There is likely additional logging output above.
24 verbose exit [ 1, true ]
